<?xml version="1.1" encoding="UTF-8"?>
<testsuite name="rpn.DivisionTest" tests="6" failures="0" errors="0" timestamp="2014-03-08T21:43:45" hostname="rayj-macbookpro.jayraynet" time="0.002">
  <properties/>
  <testcase name="divideNoNumber" classname="rpn.DivisionTest" time="0.0"/>
  <testcase name="divideThreeNumber" classname="rpn.DivisionTest" time="0.0"/>
  <testcase name="divideByZero" classname="rpn.DivisionTest" time="0.0"/>
  <testcase name="divideByFractionalNumber" classname="rpn.DivisionTest" time="0.0"/>
  <testcase name="divideTwoNumbers" classname="rpn.DivisionTest" time="0.0"/>
  <testcase name="divideOneNumber" classname="rpn.DivisionTest" time="0.0"/>
  <system-out><![CDATA[]]></system-out>
  <system-err><![CDATA[]]></system-err>
</testsuite>
