<?xml version="1.1" encoding="UTF-8"?>
<testsuite name="rpn.SubtractTest" tests="5" failures="0" errors="0" timestamp="2014-03-08T21:43:45" hostname="rayj-macbookpro.jayraynet" time="0.002">
  <properties/>
  <testcase name="subtractNoNumbers" classname="rpn.SubtractTest" time="0.0"/>
  <testcase name="subtractOneNumbers" classname="rpn.SubtractTest" time="0.0"/>
  <testcase name="subtractOneNumberTwice" classname="rpn.SubtractTest" time="0.0"/>
  <testcase name="subtractTwoNumbers" classname="rpn.SubtractTest" time="0.0"/>
  <testcase name="subtractThreeNumbers" classname="rpn.SubtractTest" time="0.0"/>
  <system-out><![CDATA[]]></system-out>
  <system-err><![CDATA[]]></system-err>
</testsuite>
