<?xml version="1.1" encoding="UTF-8"?>
<testsuite name="rpn.AverageTest" tests="5" failures="0" errors="0" timestamp="2014-03-08T21:43:45" hostname="rayj-macbookpro.jayraynet" time="0.002">
  <properties/>
  <testcase name="averageOneNumber" classname="rpn.AverageTest" time="0.0"/>
  <testcase name="averageTwoNumber" classname="rpn.AverageTest" time="0.0"/>
  <testcase name="averageFiveNumber" classname="rpn.AverageTest" time="0.0"/>
  <testcase name="useAve" classname="rpn.AverageTest" time="0.0"/>
  <testcase name="averageNoNumbers" classname="rpn.AverageTest" time="0.0"/>
  <system-out><![CDATA[]]></system-out>
  <system-err><![CDATA[]]></system-err>
</testsuite>
