<?xml version="1.1" encoding="UTF-8"?>
<testsuite name="rpn.ClearTest" tests="3" failures="0" errors="0" timestamp="2014-03-08T21:43:45" hostname="rayj-macbookpro.jayraynet" time="0.001">
  <properties/>
  <testcase name="clearOnEmpty" classname="rpn.ClearTest" time="0.001"/>
  <testcase name="clearOnSingle" classname="rpn.ClearTest" time="0.0"/>
  <testcase name="clearOnList" classname="rpn.ClearTest" time="0.0"/>
  <system-out><![CDATA[]]></system-out>
  <system-err><![CDATA[]]></system-err>
</testsuite>
