<?xml version="1.1" encoding="UTF-8"?>
<testsuite name="rpn.FactorialTest" tests="3" failures="0" errors="0" timestamp="2014-03-08T21:43:45" hostname="rayj-macbookpro.jayraynet" time="0.0">
  <properties/>
  <testcase name="factorialReturnsProduct" classname="rpn.FactorialTest" time="0.0"/>
  <testcase name="factorialOnNothing" classname="rpn.FactorialTest" time="0.0"/>
  <testcase name="twoFactorials" classname="rpn.FactorialTest" time="0.0"/>
  <system-out><![CDATA[]]></system-out>
  <system-err><![CDATA[]]></system-err>
</testsuite>
