<?xml version="1.1" encoding="UTF-8"?>
<testsuite name="rpn.MultiplyTest" tests="1" failures="0" errors="0" timestamp="2014-03-08T21:43:45" hostname="rayj-macbookpro.jayraynet" time="0.001">
  <properties/>
  <testcase name="multiplyTwoNumbers" classname="rpn.MultiplyTest" time="0.001"/>
  <system-out><![CDATA[]]></system-out>
  <system-err><![CDATA[]]></system-err>
</testsuite>
