<?xml version="1.1" encoding="UTF-8"?>
<testsuite name="rpn.MultiplicationTest" tests="5" failures="0" errors="0" timestamp="2014-03-08T21:43:45" hostname="rayj-macbookpro.jayraynet" time="0.001">
  <properties/>
  <testcase name="multiplyNoNumbers" classname="rpn.MultiplicationTest" time="0.0"/>
  <testcase name="multiplyOneNumber" classname="rpn.MultiplicationTest" time="0.001"/>
  <testcase name="multipleThreeNumbers" classname="rpn.MultiplicationTest" time="0.0"/>
  <testcase name="multipleTwoNumbers" classname="rpn.MultiplicationTest" time="0.0"/>
  <testcase name="multipleNegNumbers" classname="rpn.MultiplicationTest" time="0.0"/>
  <system-out><![CDATA[]]></system-out>
  <system-err><![CDATA[]]></system-err>
</testsuite>
