<?xml version="1.1" encoding="UTF-8"?>
<testsuite name="rpn.UnknownOperationTest" tests="2" failures="0" errors="0" timestamp="2014-03-08T21:43:45" hostname="rayj-macbookpro.jayraynet" time="0.0">
  <properties/>
  <testcase name="blankOperand" classname="rpn.UnknownOperationTest" time="0.0"/>
  <testcase name="unknownOperation" classname="rpn.UnknownOperationTest" time="0.0"/>
  <system-out><![CDATA[]]></system-out>
  <system-err><![CDATA[]]></system-err>
</testsuite>
