<?xml version="1.1" encoding="UTF-8"?>
<testsuite name="rpn.AbsoluteOperatorTest" tests="6" failures="0" errors="0" timestamp="2014-03-08T21:43:45" hostname="rayj-macbookpro.jayraynet" time="0.007">
  <properties/>
  <testcase name="one" classname="rpn.AbsoluteOperatorTest" time="0.005"/>
  <testcase name="negOne" classname="rpn.AbsoluteOperatorTest" time="0.0"/>
  <testcase name="two" classname="rpn.AbsoluteOperatorTest" time="0.0"/>
  <testcase name="negTwo" classname="rpn.AbsoluteOperatorTest" time="0.0"/>
  <testcase name="absOnEmptyStack" classname="rpn.AbsoluteOperatorTest" time="0.0"/>
  <testcase name="ensureResultIsOnStack" classname="rpn.AbsoluteOperatorTest" time="0.0"/>
  <system-out><![CDATA[]]></system-out>
  <system-err><![CDATA[]]></system-err>
</testsuite>
